<?xml version="1.0" encoding="UTF-8"?>
<!-- Generated by org.testng.reporters.JUnitReportReporter -->
<testsuite hostname="IBLAPELIMC00638" failures="0" tests="1" name="com.parabank.tests.Tercer_Boton_Test" time="6.150" errors="0" timestamp="2023-03-20T12:12:35 PET" skipped="0">
  <testcase classname="com.parabank.tests.Tercer_Boton_Test" name="Setup" time="6.150"/>
  <system-out/>
</testsuite> <!-- com.parabank.tests.Tercer_Boton_Test -->
